<?xml version="1.0" encoding="UTF-8"?>
<!-- Generated by org.testng.reporters.JUnitXMLReporter -->
<testsuite hostname="DESKTOP-8GP6Q0F" ignored="0" name="Default test" tests="3" failures="0" timestamp="10 Sep 2023 09:43:59 GMT" time="0.046" errors="0">
  <testcase name="highSchool" time="0.014" classname="testNG.DependanciesManagement"/>
  <testcase name="higherSecondary" time="0.002" classname="testNG.DependanciesManagement"/>
  <testcase name="engineering" time="0.004" classname="testNG.DependanciesManagement"/>
</testsuite> <!-- Default test -->
